\BOOKMARK [0][-]{chapter*.1}{\376\377\000R\000e\000s\000u\000m\000e\000n}{}% 1
\BOOKMARK [0][-]{chapter.1}{\376\377\000I\000n\000t\000r\000o\000d\000u\000c\000c\000i\000\363\000n}{}% 2
\BOOKMARK [1][-]{section.1.1}{\376\377\000P\000r\000o\000b\000l\000e\000m\000\341\000t\000i\000c\000a}{chapter.1}% 3
\BOOKMARK [1][-]{section.1.2}{\376\377\000P\000r\000o\000p\000u\000e\000s\000t\000a\000\040\000d\000e\000\040\000S\000o\000l\000u\000c\000i\000\363\000n}{chapter.1}% 4
\BOOKMARK [1][-]{section.1.3}{\376\377\000O\000b\000j\000e\000t\000i\000v\000o\000s}{chapter.1}% 5
\BOOKMARK [2][-]{subsection.1.3.1}{\376\377\000O\000b\000j\000e\000t\000i\000v\000o\000\040\000G\000e\000n\000e\000r\000a\000l}{section.1.3}% 6
\BOOKMARK [2][-]{subsection.1.3.2}{\376\377\000O\000b\000j\000e\000t\000i\000v\000o\000s\000\040\000E\000s\000p\000e\000c\000\355\000f\000i\000c\000o\000s}{section.1.3}% 7
\BOOKMARK [1][-]{section.1.4}{\376\377\000M\000e\000t\000o\000d\000o\000l\000o\000g\000\355\000a}{chapter.1}% 8
\BOOKMARK [1][-]{section.1.5}{\376\377\000A\000l\000c\000a\000n\000c\000e\000\040\000d\000e\000\040\000l\000a\000\040\000I\000n\000v\000e\000s\000t\000i\000g\000a\000c\000i\000\363\000n}{chapter.1}% 9
\BOOKMARK [0][-]{chapter.2}{\376\377\000E\000s\000t\000a\000d\000o\000\040\000d\000e\000l\000\040\000A\000r\000t\000e}{}% 10
\BOOKMARK [1][-]{subsection.2.0.1}{\376\377\000I\000n\000v\000e\000s\000t\000i\000g\000a\000c\000i\000o\000n\000e\000s\000\040\000A\000c\000a\000d\000\351\000m\000i\000c\000a\000s}{chapter.2}% 11
\BOOKMARK [2][-]{subsection.2.0.2}{\376\377\000P\000r\000o\000d\000u\000c\000t\000o\000s\000\040\000C\000o\000m\000e\000r\000c\000i\000a\000l\000e\000s}{subsection.2.0.1}% 12
\BOOKMARK [2][-]{subsection.2.0.3}{\376\377\000P\000a\000t\000e\000n\000t\000e\000s}{subsection.2.0.1}% 13
\BOOKMARK [0][-]{chapter.3}{\376\377\000D\000i\000s\000e\000\361\000o\000\040\000C\000o\000n\000c\000e\000p\000t\000u\000a\000l}{}% 14
\BOOKMARK [1][-]{section.3.1}{\376\377\000L\000i\000s\000t\000a\000\040\000d\000e\000\040\000e\000x\000i\000g\000e\000n\000c\000i\000a\000s}{chapter.3}% 15
\BOOKMARK [1][-]{section.3.2}{\376\377\000E\000s\000t\000r\000u\000c\000t\000u\000r\000a\000\040\000d\000e\000\040\000f\000u\000n\000c\000i\000o\000n\000e\000s}{chapter.3}% 16
\BOOKMARK [2][-]{subsection.3.2.1}{\376\377\000B\000l\000a\000c\000k\000\040\000B\000o\000x}{section.3.2}% 17
\BOOKMARK [2][-]{subsection.3.2.2}{\376\377\000F\000u\000n\000c\000i\000o\000n\000e\000s\000\040\000P\000a\000r\000c\000i\000a\000l\000e\000s}{section.3.2}% 18
\BOOKMARK [1][-]{section.3.3}{\376\377\000M\000a\000t\000r\000i\000z\000\040\000m\000o\000r\000f\000o\000l\000\363\000g\000i\000c\000a}{chapter.3}% 19
\BOOKMARK [2][-]{subsection.3.3.1}{\376\377\000D\000o\000m\000i\000n\000i\000o\000\040\000d\000e\000\040\000I\000n\000t\000e\000r\000f\000a\000z}{section.3.3}% 20
\BOOKMARK [2][-]{subsection.3.3.2}{\376\377\000D\000o\000m\000i\000n\000i\000o\000\040\000M\000e\000c\000\341\000n\000i\000c\000o}{section.3.3}% 21
\BOOKMARK [2][-]{subsection.3.3.3}{\376\377\000D\000o\000m\000i\000n\000i\000o\000\040\000I\000n\000f\000o\000r\000m\000\341\000t\000i\000c\000o}{section.3.3}% 22
\BOOKMARK [2][-]{subsection.3.3.4}{\376\377\000D\000o\000m\000i\000n\000i\000o\000\040\000d\000e\000\040\000C\000o\000n\000t\000r\000o\000l}{section.3.3}% 23
\BOOKMARK [2][-]{subsection.3.3.5}{\376\377\000D\000o\000m\000i\000n\000i\000o\000\040\000E\000l\000\351\000c\000t\000r\000i\000c\000o\000/\000E\000l\000e\000c\000t\000r\000\363\000n\000i\000c\000o}{section.3.3}% 24
\BOOKMARK [2][-]{subsection.3.3.6}{\376\377\000D\000o\000m\000i\000n\000i\000o\000\040\000d\000e\000\040\000S\000e\000n\000s\000o\000r\000e\000s}{section.3.3}% 25
\BOOKMARK [1][-]{section.3.4}{\376\377\000C\000o\000n\000c\000e\000p\000t\000o\000s\000\040\000d\000e\000\040\000s\000o\000l\000u\000c\000i\000\363\000n}{chapter.3}% 26
\BOOKMARK [2][-]{subsection.3.4.1}{\376\377\000C\000o\000n\000c\000e\000p\000t\000o\000\040\000d\000e\000\040\000s\000o\000l\000u\000c\000i\000\363\000n\000\040\0001}{section.3.4}% 27
\BOOKMARK [2][-]{subsection.3.4.2}{\376\377\000C\000o\000n\000c\000e\000p\000t\000o\000\040\000d\000e\000\040\000s\000o\000l\000u\000c\000i\000\363\000n\000\040\0002}{section.3.4}% 28
\BOOKMARK [2][-]{subsection.3.4.3}{\376\377\000C\000o\000n\000c\000e\000p\000t\000o\000\040\000d\000e\000\040\000s\000o\000l\000u\000c\000i\000\363\000n\000\040\0003}{section.3.4}% 29
\BOOKMARK [2][-]{subsection.3.4.4}{\376\377\000C\000o\000n\000c\000e\000p\000t\000o\000\040\000d\000e\000\040\000s\000o\000l\000u\000c\000i\000\363\000n\000\040\0004}{section.3.4}% 30
\BOOKMARK [1][-]{section.3.5}{\376\377\000A\000n\000\341\000l\000i\000s\000i\000s\000\040\000t\000\351\000c\000n\000i\000c\000o\000-\000e\000c\000o\000n\000\363\000m\000i\000c\000a}{chapter.3}% 31
\BOOKMARK [0][-]{chapter*.23}{\376\377\000C\000o\000n\000c\000l\000u\000s\000i\000o\000n\000e\000s\000\040\000y\000\040\000R\000e\000c\000o\000m\000e\000n\000d\000a\000c\000i\000o\000n\000e\000s}{}% 32
